e:\tim\documents\4487\stereo\debug\vc140.pdb
e:\tim\documents\4487\stereo\debug\vc140.idb
e:\tim\documents\4487\stereo\debug\basics2d.obj
e:\tim\documents\4487\stereo\debug\cs1037lib.obj
e:\tim\documents\4487\stereo\debug\graph.obj
e:\tim\documents\4487\stereo\debug\maxflow.obj
e:\tim\documents\4487\stereo\debug\graph2d.obj
e:\tim\documents\4487\stereo\debug\main.obj
e:\tim\documents\4487\stereo\debug\stereo.pdb
e:\tim\documents\4487\stereo\debug\stereo.tlog\cl.command.1.tlog
e:\tim\documents\4487\stereo\debug\stereo.tlog\cl.read.1.tlog
e:\tim\documents\4487\stereo\debug\stereo.tlog\cl.write.1.tlog
e:\tim\documents\4487\stereo\debug\stereo.tlog\link-cvtres.read.1.tlog
e:\tim\documents\4487\stereo\debug\stereo.tlog\link-cvtres.write.1.tlog
e:\tim\documents\4487\stereo\debug\stereo.tlog\link-rc.read.1.tlog
e:\tim\documents\4487\stereo\debug\stereo.tlog\link-rc.write.1.tlog
e:\tim\documents\4487\stereo\debug\stereo.tlog\link.4220-cvtres.read.1.tlog
e:\tim\documents\4487\stereo\debug\stereo.tlog\link.4220-cvtres.write.1.tlog
e:\tim\documents\4487\stereo\debug\stereo.tlog\link.4220-rc.read.1.tlog
e:\tim\documents\4487\stereo\debug\stereo.tlog\link.4220-rc.write.1.tlog
e:\tim\documents\4487\stereo\debug\stereo.tlog\link.4220.read.1.tlog
e:\tim\documents\4487\stereo\debug\stereo.tlog\link.4220.write.1.tlog
e:\tim\documents\4487\stereo\debug\stereo.tlog\link.command.1.tlog
e:\tim\documents\4487\stereo\debug\stereo.tlog\link.read.1.tlog
e:\tim\documents\4487\stereo\debug\stereo.tlog\link.write.1.tlog
