Build started 23/11/2015 6:23:57 PM.
     1>Project "E:\Tim\Documents\4487\graph_cuts\graph_cut.vcxproj" on node 2 (Build target(s)).
     1>ClCompile:
         C:\Program Files (x86)\Microsoft Visual Studio 14.0\VC\bin\CL.exe /c /ZI /nologo /W3 /WX- /Od /Oy- /D WIN32 /D _DEBUG /D _CONSOLE /D _UNICODE /D UNICODE /Gm /EHsc /RTC1 /MDd /GS /fp:precise /Zc:wchar_t /Zc:forScope /Zc:inline /Fo"Debug\\" /Fd"Debug\vc140.pdb" /Gd /TP /analyze- /errorReport:prompt Graph2D.cpp
         Graph2D.cpp
     1>e:\tim\documents\4487\graph_cuts\graph2d.cpp(127): warning C4244: 'initializing': conversion from 'double' to 'int', possible loss of data
     1>e:\tim\documents\4487\graph_cuts\graph2d.cpp(128): warning C4244: 'initializing': conversion from 'double' to 'int', possible loss of data
     1>e:\tim\documents\4487\graph_cuts\graph2d.cpp(129): warning C4244: 'initializing': conversion from 'double' to 'int', possible loss of data
     1>e:\tim\documents\4487\graph_cuts\graph2d.cpp(173): warning C4244: 'initializing': conversion from 'double' to 'int', possible loss of data
     1>e:\tim\documents\4487\graph_cuts\graph2d.cpp(174): warning C4244: 'initializing': conversion from 'double' to 'int', possible loss of data
     1>e:\tim\documents\4487\graph_cuts\graph2d.cpp(175): warning C4244: 'initializing': conversion from 'double' to 'int', possible loss of data
     1>e:\tim\documents\4487\graph_cuts\graph2d.cpp(178): warning C4244: 'argument': conversion from 'double' to 'int', possible loss of data
     1>e:\tim\documents\4487\graph_cuts\graph2d.cpp(225): warning C4244: 'initializing': conversion from 'double' to 'int', possible loss of data
     1>e:\tim\documents\4487\graph_cuts\graph2d.cpp(226): warning C4244: 'initializing': conversion from 'double' to 'int', possible loss of data
     1>e:\tim\documents\4487\graph_cuts\graph2d.cpp(227): warning C4244: 'initializing': conversion from 'double' to 'int', possible loss of data
     1>e:\tim\documents\4487\graph_cuts\graph2d.cpp(270): warning C4244: 'initializing': conversion from 'double' to 'int', possible loss of data
     1>e:\tim\documents\4487\graph_cuts\graph2d.cpp(271): warning C4244: 'initializing': conversion from 'double' to 'int', possible loss of data
     1>e:\tim\documents\4487\graph_cuts\graph2d.cpp(272): warning C4244: 'initializing': conversion from 'double' to 'int', possible loss of data
     1>e:\tim\documents\4487\graph_cuts\graph2d.cpp(274): warning C4244: 'argument': conversion from 'double' to 'int', possible loss of data
       Link:
         C:\Program Files (x86)\Microsoft Visual Studio 14.0\VC\bin\link.exe /ERRORREPORT:PROMPT /OUT:"E:\Tim\Documents\4487\graph_cuts\Debug\graph_cut.exe" /INCREMENTAL /NOLOGO kernel32.lib user32.lib gdi32.lib winspool.lib comdlg32.lib advapi32.lib shell32.lib ole32.lib oleaut32.lib uuid.lib odbc32.lib odbccp32.lib /MANIFEST /MANIFESTUAC:"level='asInvoker' uiAccess='false'" /manifest:embed /Debug /PDB:"E:\Tim\Documents\4487\graph_cuts\Debug\graph_cut.pdb" /SUBSYSTEM:CONSOLE /TLBID:1 /DYNAMICBASE /NXCOMPAT /IMPLIB:"E:\Tim\Documents\4487\graph_cuts\Debug\graph_cut.lib" /MACHINE:X86 Debug\Basics2D.obj
         Debug\cs1037lib.obj
         Debug\Graph2D.obj
         Debug\main.obj
         Debug\graph.obj
         Debug\maxflow.obj
         graph_cut.vcxproj -> E:\Tim\Documents\4487\graph_cuts\Debug\graph_cut.exe
     1>Done Building Project "E:\Tim\Documents\4487\graph_cuts\graph_cut.vcxproj" (Build target(s)).

Build succeeded.

Time Elapsed 00:00:00.87
